<?xml version="1.0" encoding="UTF-8"?>
<!-- Generated by org.testng.reporters.JUnitReportReporter -->
<testsuite hostname="DESKTOP-EVK9GMC" failures="0" tests="1" name="testNg.Testcase1" time="20.126" errors="0" timestamp="2021-02-02T19:54:07 IST" skipped="0">
  <testcase classname="testNg.Testcase1" name="login" time="20.126"/>
</testsuite> <!-- testNg.Testcase1 -->
