<?xml version="1.0" encoding="UTF-8"?>
<!-- Generated by org.testng.reporters.JUnitReportReporter -->
<testsuite hostname="DESKTOP-EVK9GMC" failures="0" tests="1" name="testNg.Test3" time="0.023" errors="0" timestamp="2021-02-02T18:59:20 IST" skipped="0">
  <testcase classname="testNg.Test3" name="test" time="0.023"/>
</testsuite> <!-- testNg.Test3 -->
