<?xml version="1.0" encoding="UTF-8"?>
<!-- Generated by org.testng.reporters.JUnitReportReporter -->
<testsuite hostname="DESKTOP-EVK9GMC" failures="0" tests="1" name="testNg.Testcase2" time="1.128" errors="0" timestamp="2021-02-03T20:50:57 IST" skipped="0">
  <testcase classname="testNg.Testcase2" name="testcase2" time="1.128"/>
</testsuite> <!-- testNg.Testcase2 -->
