<?xml version="1.0" encoding="UTF-8"?>
<!-- Generated by org.testng.reporters.JUnitReportReporter -->
<testsuite hostname="DESKTOP-EVK9GMC" failures="0" tests="1" name="testNg.Testcase2" time="65.631" errors="0" timestamp="2021-02-02T19:49:49 IST" skipped="0">
  <testcase classname="testNg.Testcase2" name="testcase2" time="65.631"/>
</testsuite> <!-- testNg.Testcase2 -->
