<?xml version="1.0" encoding="UTF-8"?>
<!-- Generated by org.testng.reporters.JUnitReportReporter -->
<testsuite hostname="DESKTOP-EVK9GMC" failures="0" tests="2" name="testNg.Sample" time="0.010" errors="0" timestamp="2021-02-03T20:48:32 IST" skipped="0">
  <testcase classname="testNg.Sample" name="employee" time="0.009"/>
  <testcase classname="testNg.Sample" name="employee1" time="0.001"/>
</testsuite> <!-- testNg.Sample -->
