<?xml version="1.0" encoding="UTF-8"?>
<!-- Generated by org.testng.reporters.JUnitReportReporter -->
<testsuite hostname="DESKTOP-EVK9GMC" failures="0" tests="3" name="testNg.Paralel" time="113.270" errors="0" timestamp="2021-02-03T19:32:38 IST" skipped="0">
  <testcase classname="testNg.Paralel" name="demo" time="36.580"/>
  <testcase classname="testNg.Paralel" name="demo" time="40.474"/>
  <testcase classname="testNg.Paralel" name="demo" time="36.216"/>
</testsuite> <!-- testNg.Paralel -->
