<?xml version="1.0" encoding="UTF-8"?>
<!-- Generated by org.testng.reporters.JUnitReportReporter -->
<testsuite hostname="DESKTOP-EVK9GMC" failures="0" tests="1" name="testNg.Test1" time="0.033" errors="0" timestamp="2021-02-01T19:40:54 IST" skipped="0">
  <testcase classname="testNg.Test1" name="demo" time="0.033"/>
</testsuite> <!-- testNg.Test1 -->
