<?xml version="1.0" encoding="UTF-8"?>
<!-- Generated by org.testng.reporters.JUnitReportReporter -->
<testsuite hostname="DESKTOP-EVK9GMC" failures="0" tests="1" name="testNg.Testcase3" time="16.791" errors="0" timestamp="2021-02-02T19:54:07 IST" skipped="0">
  <testcase classname="testNg.Testcase3" name="tc3" time="16.791"/>
</testsuite> <!-- testNg.Testcase3 -->
