<?xml version="1.0" encoding="UTF-8"?>
<!-- Generated by org.testng.reporters.JUnitReportReporter -->
<testsuite hostname="DESKTOP-EVK9GMC" failures="0" tests="5" name="testNg.Test2" time="0.112" errors="0" timestamp="2021-02-01T20:00:14 IST" skipped="1">
  <testcase classname="testNg.Test2" name="chats" time="0.007"/>
  <testcase classname="testNg.Test2" name="chats" time="0.006"/>
  <testcase classname="testNg.Test2" name="chats" time="0.095"/>
  <testcase classname="testNg.Test2" name="calls" time="0.004"/>
  <testcase classname="testNg.Test2" name="block">
    <skipped/>
  </testcase> <!-- block -->
</testsuite> <!-- testNg.Test2 -->
